# JRE version: OpenJDK Runtime Environment (8.0_91-b14) (build 1.8.0_91-8u91-b14-3ubuntu1~16.04.1-b14)
# Java VM: OpenJDK 64-Bit Server VM (25.91-b14 mixed mode linux-amd64 compressed oops)
Heap:
 PSYoungGen      total 534528K, used 172958K [0x00000000d6e00000, 0x00000000fd480000, 0x0000000100000000)
  eden space 511488K, 30% used [0x00000000d6e00000,0x00000000e0573fa8,0x00000000f6180000)
  from space 23040K, 77% used [0x00000000f6180000,0x00000000f72f3a30,0x00000000f7800000)
  to   space 24576K, 0% used [0x00000000fbc80000,0x00000000fbc80000,0x00000000fd480000)
 ParOldGen       total 200192K, used 54086K [0x0000000084a00000, 0x0000000090d80000, 0x00000000d6e00000)
  object space 200192K, 27% used [0x0000000084a00000,0x0000000087ed1bf0,0x0000000090d80000)
 Metaspace       used 77136K, capacity 104971K, committed 105048K, reserved 1124352K
  class space    used 21310K, capacity 31077K, committed 31104K, reserved 1048576K
GC Heap History (10 events):
Event: 9,099 GC heap before
{Heap before GC invocations=13 (full 3):
 PSYoungGen      total 402432K, used 387072K [0x00000000d6e00000, 0x00000000f7100000, 0x0000000100000000)
  eden space 387072K, 100% used [0x00000000d6e00000,0x00000000ee800000,0x00000000ee800000)
  from space 15360K, 0% used [0x00000000ee800000,0x00000000ee800000,0x00000000ef700000)
  to   space 19456K, 0% used [0x00000000f5e00000,0x00000000f5e00000,0x00000000f7100000)
 ParOldGen       total 150528K, used 45093K [0x0000000084a00000, 0x000000008dd00000, 0x00000000d6e00000)
  object space 150528K, 29% used [0x0000000084a00000,0x00000000876096d8,0x000000008dd00000)
 Metaspace       used 54907K, capacity 70827K, committed 71000K, reserved 1099776K
  class space    used 14942K, capacity 20319K, committed 20352K, reserved 1048576K
Event: 9,113 GC heap after
Heap after GC invocations=13 (full 3):
 PSYoungGen      total 457728K, used 8411K [0x00000000d6e00000, 0x00000000f6680000, 0x0000000100000000)
  eden space 449024K, 0% used [0x00000000d6e00000,0x00000000d6e00000,0x00000000f2480000)
  from space 8704K, 96% used [0x00000000f5e00000,0x00000000f6636c18,0x00000000f6680000)
  to   space 18944K, 0% used [0x00000000f4180000,0x00000000f4180000,0x00000000f5400000)
 ParOldGen       total 150528K, used 45101K [0x0000000084a00000, 0x000000008dd00000, 0x00000000d6e00000)
  object space 150528K, 29% used [0x0000000084a00000,0x000000008760b6d8,0x000000008dd00000)
 Metaspace       used 54907K, capacity 70827K, committed 71000K, reserved 1099776K
  class space    used 14942K, capacity 20319K, committed 20352K, reserved 1048576K
}
Event: 11,297 GC heap before
{Heap before GC invocations=14 (full 3):
 PSYoungGen      total 457728K, used 457435K [0x00000000d6e00000, 0x00000000f6680000, 0x0000000100000000)
  eden space 449024K, 100% used [0x00000000d6e00000,0x00000000f2480000,0x00000000f2480000)
  from space 8704K, 96% used [0x00000000f5e00000,0x00000000f6636c18,0x00000000f6680000)
  to   space 18944K, 0% used [0x00000000f4180000,0x00000000f4180000,0x00000000f5400000)
 ParOldGen       total 150528K, used 45101K [0x0000000084a00000, 0x000000008dd00000, 0x00000000d6e00000)
  object space 150528K, 29% used [0x0000000084a00000,0x000000008760b6d8,0x000000008dd00000)
 Metaspace       used 66843K, capacity 89913K, committed 90072K, reserved 1112064K
  class space    used 18449K, capacity 26505K, committed 26624K, reserved 1048576K
Event: 11,316 GC heap after
Heap after GC invocations=14 (full 3):
 PSYoungGen      total 497664K, used 17748K [0x00000000d6e00000, 0x00000000f8c80000, 0x0000000100000000)
  eden space 478720K, 0% used [0x00000000d6e00000,0x00000000d6e00000,0x00000000f4180000)
  from space 18944K, 93% used [0x00000000f4180000,0x00000000f52d52f0,0x00000000f5400000)
  to   space 20992K, 0% used [0x00000000f7800000,0x00000000f7800000,0x00000000f8c80000)
 ParOldGen       total 150528K, used 45109K [0x0000000084a00000, 0x000000008dd00000, 0x00000000d6e00000)
  object space 150528K, 29% used [0x0000000084a00000,0x000000008760d6d8,0x000000008dd00000)
 Metaspace       used 66843K, capacity 89913K, committed 90072K, reserved 1112064K
  class space    used 18449K, capacity 26505K, committed 26624K, reserved 1048576K
}
Event: 12,508 GC heap before
{Heap before GC invocations=15 (full 3):
 PSYoungGen      total 497664K, used 254535K [0x00000000d6e00000, 0x00000000f8c80000, 0x0000000100000000)
  eden space 478720K, 49% used [0x00000000d6e00000,0x00000000e553ca00,0x00000000f4180000)
  from space 18944K, 93% used [0x00000000f4180000,0x00000000f52d52f0,0x00000000f5400000)
  to   space 20992K, 0% used [0x00000000f7800000,0x00000000f7800000,0x00000000f8c80000)
 ParOldGen       total 150528K, used 45109K [0x0000000084a00000, 0x000000008dd00000, 0x00000000d6e00000)
  object space 150528K, 29% used [0x0000000084a00000,0x000000008760d6d8,0x000000008dd00000)
 Metaspace       used 71810K, capacity 98265K, committed 98280K, reserved 1118208K
  class space    used 20138K, capacity 29425K, committed 29440K, reserved 1048576K
Event: 12,530 GC heap after
Heap after GC invocations=15 (full 3):
 PSYoungGen      total 532480K, used 19015K [0x00000000d6e00000, 0x00000000fb300000, 0x0000000100000000)
  eden space 511488K, 0% used [0x00000000d6e00000,0x00000000d6e00000,0x00000000f6180000)
  from space 20992K, 90% used [0x00000000f7800000,0x00000000f8a91c00,0x00000000f8c80000)
  to   space 23040K, 0% used [0x00000000f6180000,0x00000000f6180000,0x00000000f7800000)
 ParOldGen       total 150528K, used 45117K [0x0000000084a00000, 0x000000008dd00000, 0x00000000d6e00000)
  object space 150528K, 29% used [0x0000000084a00000,0x000000008760f6d8,0x000000008dd00000)
 Metaspace       used 71810K, capacity 98265K, committed 98280K, reserved 1118208K
  class space    used 20138K, capacity 29425K, committed 29440K, reserved 1048576K
}
Event: 12,530 GC heap before
{Heap before GC invocations=16 (full 4):
 PSYoungGen      total 532480K, used 19015K [0x00000000d6e00000, 0x00000000fb300000, 0x0000000100000000)
  eden space 511488K, 0% used [0x00000000d6e00000,0x00000000d6e00000,0x00000000f6180000)
  from space 20992K, 90% used [0x00000000f7800000,0x00000000f8a91c00,0x00000000f8c80000)
  to   space 23040K, 0% used [0x00000000f6180000,0x00000000f6180000,0x00000000f7800000)
 ParOldGen       total 150528K, used 45117K [0x0000000084a00000, 0x000000008dd00000, 0x00000000d6e00000)
  object space 150528K, 29% used [0x0000000084a00000,0x000000008760f6d8,0x000000008dd00000)
 Metaspace       used 71810K, capacity 98265K, committed 98280K, reserved 1118208K
  class space    used 20138K, capacity 29425K, committed 29440K, reserved 1048576K
Event: 12,646 GC heap after
Heap after GC invocations=16 (full 4):
 PSYoungGen      total 532480K, used 0K [0x00000000d6e00000, 0x00000000fb300000, 0x0000000100000000)
  eden space 511488K, 0% used [0x00000000d6e00000,0x00000000d6e00000,0x00000000f6180000)
  from space 20992K, 0% used [0x00000000f7800000,0x00000000f7800000,0x00000000f8c80000)
  to   space 23040K, 0% used [0x00000000f6180000,0x00000000f6180000,0x00000000f7800000)
 ParOldGen       total 200192K, used 54078K [0x0000000084a00000, 0x0000000090d80000, 0x00000000d6e00000)
  object space 200192K, 27% used [0x0000000084a00000,0x0000000087ecfbf0,0x0000000090d80000)
 Metaspace       used 71810K, capacity 98265K, committed 98280K, reserved 1118208K
  class space    used 20138K, capacity 29425K, committed 29440K, reserved 1048576K
}
Event: 45,389 GC heap before
{Heap before GC invocations=17 (full 4):
 PSYoungGen      total 532480K, used 511488K [0x00000000d6e00000, 0x00000000fb300000, 0x0000000100000000)
  eden space 511488K, 100% used [0x00000000d6e00000,0x00000000f6180000,0x00000000f6180000)
  from space 20992K, 0% used [0x00000000f7800000,0x00000000f7800000,0x00000000f8c80000)
  to   space 23040K, 0% used [0x00000000f6180000,0x00000000f6180000,0x00000000f7800000)
 ParOldGen       total 200192K, used 54078K [0x0000000084a00000, 0x0000000090d80000, 0x00000000d6e00000)
  object space 200192K, 27% used [0x0000000084a00000,0x0000000087ecfbf0,0x0000000090d80000)
 Metaspace       used 77095K, capacity 104935K, committed 105048K, reserved 1124352K
  class space    used 21298K, capacity 31065K, committed 31104K, reserved 1048576K
Event: 45,405 GC heap after
Heap after GC invocations=17 (full 4):
 PSYoungGen      total 534528K, used 17870K [0x00000000d6e00000, 0x00000000fd480000, 0x0000000100000000)
  eden space 511488K, 0% used [0x00000000d6e00000,0x00000000d6e00000,0x00000000f6180000)
  from space 23040K, 77% used [0x00000000f6180000,0x00000000f72f3a30,0x00000000f7800000)
  to   space 24576K, 0% used [0x00000000fbc80000,0x00000000fbc80000,0x00000000fd480000)
 ParOldGen       total 200192K, used 54086K [0x0000000084a00000, 0x0000000090d80000, 0x00000000d6e00000)
  object space 200192K, 27% used [0x0000000084a00000,0x0000000087ed1bf0,0x0000000090d80000)
 Metaspace       used 77095K, capacity 104935K, committed 105048K, reserved 1124352K
  class space    used 21298K, capacity 31065K, committed 31104K, reserved 1048576K
}

